<?xml version="1.0" encoding="UTF-8"?>
<!-- Generated by org.testng.reporters.JUnitReportReporter -->
<testsuite hostname="yasa" failures="0" tests="1" name="users.ListUsersTest" time="2.120" errors="0" timestamp="2022-06-11T13:25:42 ICT" skipped="0">
  <testcase classname="users.ListUsersTest" name="list" time="2.120"/>
  <system-out/>
</testsuite> <!-- users.ListUsersTest -->
