<?xml version="1.0" encoding="UTF-8"?>
<!-- Generated by org.testng.reporters.JUnitReportReporter -->
<testsuite hostname="yasa" failures="0" tests="1" name="SecondTest" time="0.923" errors="0" timestamp="2022-06-11T12:54:56 ICT" skipped="0">
  <testcase classname="SecondTest" name="second" time="0.923"/>
  <system-out/>
</testsuite> <!-- SecondTest -->
