<?xml version="1.0" encoding="UTF-8"?>
<!-- Generated by org.testng.reporters.JUnitReportReporter -->
<testsuite hostname="yasa" failures="0" tests="1" name="users.SingleUserTest" time="0.177" errors="0" timestamp="2022-06-11T13:25:42 ICT" skipped="0">
  <testcase classname="users.SingleUserTest" name="single" time="0.177"/>
  <system-out/>
</testsuite> <!-- users.SingleUserTest -->
