<?xml version="1.0" encoding="UTF-8"?>
<!-- Generated by org.testng.reporters.JUnitReportReporter -->
<testsuite hostname="yasa" failures="0" tests="1" name="FirstTest" time="1.654" errors="0" timestamp="2022-06-11T12:54:56 ICT" skipped="0">
  <testcase classname="FirstTest" name="first" time="1.654"/>
  <system-out/>
</testsuite> <!-- FirstTest -->
